hostapp/app/build/outputs/apk/manifest-merger-debug-report.txt
-- Merging decision tree log ---
manifest
ADDED from AndroidManifest.xml:17:1
	package
		ADDED from AndroidManifest.xml:18:5
		INJECTED from AndroidManifest.xml:0:0
		INJECTED from AndroidManifest.xml:0:0
	android:versionName
		ADDED from AndroidManifest.xml:21:5
	android:versionCode
		ADDED from AndroidManifest.xml:20:5
		INJECTED from AndroidManifest.xml:0:0
		INJECTED from AndroidManifest.xml:0:0
	xmlns:android
		ADDED from AndroidManifest.xml:17:11
	android:installLocation
		ADDED from AndroidManifest.xml:19:5
uses-sdk
ADDED from AndroidManifest.xml:23:5
MERGED from com.android.support:appcompat-v7:22.0.0:20:5
MERGED from com.android.support:support-v4:22.0.0:20:5
MERGED from com.google.android.gms:play-services:7.0.0:18:5
MERGED from com.google.android.gms:play-services-ads:7.0.0:18:5
MERGED from com.google.android.gms:play-services-base:7.0.0:18:5
MERGED from com.android.support:support-v4:22.0.0:20:5
MERGED from com.google.android.gms:play-services-analytics:7.0.0:18:5
MERGED from com.google.android.gms:play-services-base:7.0.0:18:5
MERGED from com.android.support:support-v4:22.0.0:20:5
MERGED from com.google.android.gms:play-services-analytics:7.0.0:18:5
MERGED from com.google.android.gms:play-services-base:7.0.0:18:5
MERGED from com.android.support:support-v4:22.0.0:20:5
MERGED from com.google.android.gms:play-services-appindexing:7.0.0:18:5
MERGED from com.google.android.gms:play-services-base:7.0.0:18:5
MERGED from com.android.support:support-v4:22.0.0:20:5
MERGED from com.google.android.gms:play-services-appstate:7.0.0:18:5
MERGED from com.google.android.gms:play-services-base:7.0.0:18:5
MERGED from com.android.support:support-v4:22.0.0:20:5
MERGED from com.google.android.gms:play-services-base:7.0.0:18:5
MERGED from com.android.support:support-v4:22.0.0:20:5
MERGED from com.google.android.gms:play-services-cast:7.0.0:18:5
MERGED from com.google.android.gms:play-services-base:7.0.0:18:5
MERGED from com.android.support:support-v4:22.0.0:20:5
MERGED from com.google.android.gms:play-services-drive:7.0.0:18:5
MERGED from com.google.android.gms:play-services-base:7.0.0:18:5
MERGED from com.android.support:support-v4:22.0.0:20:5
MERGED from com.google.android.gms:play-services-fitness:7.0.0:18:5
MERGED from com.google.android.gms:play-services-base:7.0.0:18:5
MERGED from com.android.support:support-v4:22.0.0:20:5
MERGED from com.google.android.gms:play-services-location:7.0.0:18:5
MERGED from com.google.android.gms:play-services-base:7.0.0:18:5
MERGED from com.android.support:support-v4:22.0.0:20:5
MERGED from com.google.android.gms:play-services-maps:7.0.0:18:5
MERGED from com.google.android.gms:play-services-base:7.0.0:18:5
MERGED from com.android.support:support-v4:22.0.0:20:5
MERGED from com.google.android.gms:play-services-games:7.0.0:18:5
MERGED from com.google.android.gms:play-services-base:7.0.0:18:5
MERGED from com.android.support:support-v4:22.0.0:20:5
MERGED from com.google.android.gms:play-services-drive:7.0.0:18:5
MERGED from com.google.android.gms:play-services-base:7.0.0:18:5
MERGED from com.android.support:support-v4:22.0.0:20:5
MERGED from com.google.android.gms:play-services-gcm:7.0.0:18:5
MERGED from com.google.android.gms:play-services-base:7.0.0:18:5
MERGED from com.android.support:support-v4:22.0.0:20:5
MERGED from com.google.android.gms:play-services-identity:7.0.0:18:5
MERGED from com.google.android.gms:play-services-base:7.0.0:18:5
MERGED from com.android.support:support-v4:22.0.0:20:5
MERGED from com.google.android.gms:play-services-location:7.0.0:18:5
MERGED from com.google.android.gms:play-services-base:7.0.0:18:5
MERGED from com.android.support:support-v4:22.0.0:20:5
MERGED from com.google.android.gms:play-services-maps:7.0.0:18:5
MERGED from com.google.android.gms:play-services-base:7.0.0:18:5
MERGED from com.android.support:support-v4:22.0.0:20:5
MERGED from com.google.android.gms:play-services-maps:7.0.0:18:5
MERGED from com.google.android.gms:play-services-base:7.0.0:18:5
MERGED from com.android.support:support-v4:22.0.0:20:5
MERGED from com.google.android.gms:play-services-nearby:7.0.0:18:5
MERGED from com.google.android.gms:play-services-base:7.0.0:18:5
MERGED from com.android.support:support-v4:22.0.0:20:5
MERGED from com.google.android.gms:play-services-panorama:7.0.0:18:5
MERGED from com.google.android.gms:play-services-base:7.0.0:18:5
MERGED from com.android.support:support-v4:22.0.0:20:5
MERGED from com.google.android.gms:play-services-plus:7.0.0:18:5
MERGED from com.google.android.gms:play-services-base:7.0.0:18:5
MERGED from com.android.support:support-v4:22.0.0:20:5
MERGED from com.google.android.gms:play-services-safetynet:7.0.0:18:5
MERGED from com.google.android.gms:play-services-base:7.0.0:18:5
MERGED from com.android.support:support-v4:22.0.0:20:5
MERGED from com.google.android.gms:play-services-wallet:7.0.0:18:5
MERGED from com.google.android.gms:play-services-base:7.0.0:18:5
MERGED from com.android.support:support-v4:22.0.0:20:5
MERGED from com.google.android.gms:play-services-identity:7.0.0:18:5
MERGED from com.google.android.gms:play-services-base:7.0.0:18:5
MERGED from com.android.support:support-v4:22.0.0:20:5
MERGED from com.google.android.gms:play-services-maps:7.0.0:18:5
MERGED from com.google.android.gms:play-services-base:7.0.0:18:5
MERGED from com.android.support:support-v4:22.0.0:20:5
MERGED from com.google.android.gms:play-services-wearable:7.0.0:18:5
MERGED from com.google.android.gms:play-services-base:7.0.0:18:5
MERGED from com.android.support:support-v4:22.0.0:20:5
MERGED from com.android.support:support-v4:22.0.0:20:5
MERGED from com.android.support:cardview-v7:22.0.0:20:5
MERGED from com.astuetz:pagerslidingtabstrip:1.0.1:2:5
MERGED from com.android.support:support-v4:22.0.0:20:5
MERGED from fr.baloomba:viewpagerindicator:2.4.2:7:5
MERGED from com.android.support:support-v4:22.0.0:20:5
MERGED from tk.zielony:carbon:0.7.2:8:5
MERGED from com.android.support:appcompat-v7:22.0.0:20:5
MERGED from com.android.support:support-v4:22.0.0:20:5
MERGED from com.android.support:support-v4:22.0.0:20:5
MERGED from com.android.support:gridlayout-v7:21.0.3:15:5
MERGED from com.android.support:support-v4:22.0.0:20:5
MERGED from com.joooonho:selectableroundedimageview:1.0.1:7:5
	android:targetSdkVersion
		ADDED from AndroidManifest.xml:25:9
		INJECTED from AndroidManifest.xml:0:0
		INJECTED from AndroidManifest.xml:0:0
	android:minSdkVersion
		ADDED from AndroidManifest.xml:24:9
		INJECTED from AndroidManifest.xml:0:0
		INJECTED from AndroidManifest.xml:0:0
uses-permission#android.permission.CAMERA
ADDED from AndroidManifest.xml:27:5
	android:name
		ADDED from AndroidManifest.xml:27:22
uses-permission#android.permission.INTERNET
ADDED from AndroidManifest.xml:28:5
	android:name
		ADDED from AndroidManifest.xml:28:22
uses-permission#android.permission.VIBRATE
ADDED from AndroidManifest.xml:29:5
	android:name
		ADDED from AndroidManifest.xml:29:22
uses-permission#android.permission.FLASHLIGHT
ADDED from AndroidManifest.xml:30:5
	android:name
		ADDED from AndroidManifest.xml:30:22
uses-permission#android.permission.READ_CONTACTS
ADDED from AndroidManifest.xml:31:5
	android:name
		ADDED from AndroidManifest.xml:31:22
uses-permission#com.android.browser.permission.READ_HISTORY_BOOKMARKS
ADDED from AndroidManifest.xml:32:5
	android:name
		ADDED from AndroidManifest.xml:32:22
uses-permission#android.permission.WRITE_EXTERNAL_STORAGE
ADDED from AndroidManifest.xml:33:5
	android:name
		ADDED from AndroidManifest.xml:33:22
uses-permission#android.permission.CHANGE_WIFI_STATE
ADDED from AndroidManifest.xml:34:5
	android:name
		ADDED from AndroidManifest.xml:34:22
uses-permission#android.permission.ACCESS_WIFI_STATE
ADDED from AndroidManifest.xml:35:5
	android:name
		ADDED from AndroidManifest.xml:35:22
uses-feature#android.hardware.camera
ADDED from AndroidManifest.xml:38:5
	android:required
		ADDED from AndroidManifest.xml:40:9
	android:name
		ADDED from AndroidManifest.xml:39:9
uses-feature#android.hardware.camera.front
ADDED from AndroidManifest.xml:41:5
	android:required
		ADDED from AndroidManifest.xml:43:9
	android:name
		ADDED from AndroidManifest.xml:42:9
uses-feature#android.hardware.camera.autofocus
ADDED from AndroidManifest.xml:46:5
	android:required
		ADDED from AndroidManifest.xml:48:9
	android:name
		ADDED from AndroidManifest.xml:47:9
uses-feature#android.hardware.camera.flash
ADDED from AndroidManifest.xml:49:5
	android:required
		ADDED from AndroidManifest.xml:51:9
	android:name
		ADDED from AndroidManifest.xml:50:9
uses-feature#android.hardware.screen.landscape
ADDED from AndroidManifest.xml:52:5
	android:name
		ADDED from AndroidManifest.xml:52:19
uses-feature#android.hardware.wifi
ADDED from AndroidManifest.xml:53:5
	android:required
		ADDED from AndroidManifest.xml:55:9
	android:name
		ADDED from AndroidManifest.xml:54:9
uses-feature#android.hardware.touchscreen
ADDED from AndroidManifest.xml:57:5
	android:name
		ADDED from AndroidManifest.xml:57:19
supports-screens
ADDED from AndroidManifest.xml:60:5
	android:largeScreens
		ADDED from AndroidManifest.xml:62:9
	android:smallScreens
		ADDED from AndroidManifest.xml:64:9
	android:normalScreens
		ADDED from AndroidManifest.xml:63:9
	android:xlargeScreens
		ADDED from AndroidManifest.xml:65:9
	android:anyDensity
		ADDED from AndroidManifest.xml:61:9
uses-permission#android.permission.USE_CREDENTIALS
ADDED from AndroidManifest.xml:71:5
	android:name
		ADDED from AndroidManifest.xml:71:22
uses-permission#android.permission.GET_ACCOUNTS
ADDED from AndroidManifest.xml:72:5
	android:name
		ADDED from AndroidManifest.xml:72:22
uses-permission#android.permission.READ_PROFILE
ADDED from AndroidManifest.xml:73:5
	android:name
		ADDED from AndroidManifest.xml:73:22
android:uses-permission#android.permission.READ_PHONE_STATE
ADDED from AndroidManifest.xml:75:5
	android:name
		ADDED from AndroidManifest.xml:75:30
android:uses-permission#android.permission.READ_EXTERNAL_STORAGE
ADDED from AndroidManifest.xml:76:5
	android:maxSdkVersion
		ADDED from AndroidManifest.xml:78:9
	android:name
		ADDED from AndroidManifest.xml:77:9
android:uses-permission#android.permission.READ_CALL_LOG
ADDED from AndroidManifest.xml:79:5
	android:name
		ADDED from AndroidManifest.xml:79:30
application
ADDED from AndroidManifest.xml:81:5
MERGED from com.android.support:appcompat-v7:22.0.0:22:5
MERGED from com.android.support:support-v4:22.0.0:22:5
MERGED from com.google.android.gms:play-services:7.0.0:19:5
MERGED from com.google.android.gms:play-services-ads:7.0.0:19:5
MERGED from com.google.android.gms:play-services-base:7.0.0:20:5
MERGED from com.android.support:support-v4:22.0.0:22:5
MERGED from com.google.android.gms:play-services-analytics:7.0.0:19:5
MERGED from com.google.android.gms:play-services-base:7.0.0:20:5
MERGED from com.android.support:support-v4:22.0.0:22:5
MERGED from com.google.android.gms:play-services-analytics:7.0.0:19:5
MERGED from com.google.android.gms:play-services-base:7.0.0:20:5
MERGED from com.android.support:support-v4:22.0.0:22:5
MERGED from com.google.android.gms:play-services-appindexing:7.0.0:19:5
MERGED from com.google.android.gms:play-services-base:7.0.0:20:5
MERGED from com.android.support:support-v4:22.0.0:22:5
MERGED from com.google.android.gms:play-services-appstate:7.0.0:19:5
MERGED from com.google.android.gms:play-services-base:7.0.0:20:5
MERGED from com.android.support:support-v4:22.0.0:22:5
MERGED from com.google.android.gms:play-services-base:7.0.0:20:5
MERGED from com.android.support:support-v4:22.0.0:22:5
MERGED from com.google.android.gms:play-services-cast:7.0.0:19:5
MERGED from com.google.android.gms:play-services-base:7.0.0:20:5
MERGED from com.android.support:support-v4:22.0.0:22:5
MERGED from com.google.android.gms:play-services-drive:7.0.0:19:5
MERGED from com.google.android.gms:play-services-base:7.0.0:20:5
MERGED from com.android.support:support-v4:22.0.0:22:5
MERGED from com.google.android.gms:play-services-fitness:7.0.0:19:5
MERGED from com.google.android.gms:play-services-base:7.0.0:20:5
MERGED from com.android.support:support-v4:22.0.0:22:5
MERGED from com.google.android.gms:play-services-location:7.0.0:19:5
MERGED from com.google.android.gms:play-services-base:7.0.0:20:5
MERGED from com.android.support:support-v4:22.0.0:22:5
MERGED from com.google.android.gms:play-services-maps:7.0.0:19:5
MERGED from com.google.android.gms:play-services-base:7.0.0:20:5
MERGED from com.android.support:support-v4:22.0.0:22:5
MERGED from com.google.android.gms:play-services-games:7.0.0:19:5
MERGED from com.google.android.gms:play-services-base:7.0.0:20:5
MERGED from com.android.support:support-v4:22.0.0:22:5
MERGED from com.google.android.gms:play-services-drive:7.0.0:19:5
MERGED from com.google.android.gms:play-services-base:7.0.0:20:5
MERGED from com.android.support:support-v4:22.0.0:22:5
MERGED from com.google.android.gms:play-services-gcm:7.0.0:19:5
MERGED from com.google.android.gms:play-services-base:7.0.0:20:5
MERGED from com.android.support:support-v4:22.0.0:22:5
MERGED from com.google.android.gms:play-services-identity:7.0.0:19:5
MERGED from com.google.android.gms:play-services-base:7.0.0:20:5
MERGED from com.android.support:support-v4:22.0.0:22:5
MERGED from com.google.android.gms:play-services-location:7.0.0:19:5
MERGED from com.google.android.gms:play-services-base:7.0.0:20:5
MERGED from com.android.support:support-v4:22.0.0:22:5
MERGED from com.google.android.gms:play-services-maps:7.0.0:19:5
MERGED from com.google.android.gms:play-services-base:7.0.0:20:5
MERGED from com.android.support:support-v4:22.0.0:22:5
MERGED from com.google.android.gms:play-services-maps:7.0.0:19:5
MERGED from com.google.android.gms:play-services-base:7.0.0:20:5
MERGED from com.android.support:support-v4:22.0.0:22:5
MERGED from com.google.android.gms:play-services-nearby:7.0.0:19:5
MERGED from com.google.android.gms:play-services-base:7.0.0:20:5
MERGED from com.android.support:support-v4:22.0.0:22:5
MERGED from com.google.android.gms:play-services-panorama:7.0.0:19:5
MERGED from com.google.android.gms:play-services-base:7.0.0:20:5
MERGED from com.android.support:support-v4:22.0.0:22:5
MERGED from com.google.android.gms:play-services-plus:7.0.0:19:5
MERGED from com.google.android.gms:play-services-base:7.0.0:20:5
MERGED from com.android.support:support-v4:22.0.0:22:5
MERGED from com.google.android.gms:play-services-safetynet:7.0.0:19:5
MERGED from com.google.android.gms:play-services-base:7.0.0:20:5
MERGED from com.android.support:support-v4:22.0.0:22:5
MERGED from com.google.android.gms:play-services-wallet:7.0.0:19:5
MERGED from com.google.android.gms:play-services-base:7.0.0:20:5
MERGED from com.android.support:support-v4:22.0.0:22:5
MERGED from com.google.android.gms:play-services-identity:7.0.0:19:5
MERGED from com.google.android.gms:play-services-base:7.0.0:20:5
MERGED from com.android.support:support-v4:22.0.0:22:5
MERGED from com.google.android.gms:play-services-maps:7.0.0:19:5
MERGED from com.google.android.gms:play-services-base:7.0.0:20:5
MERGED from com.android.support:support-v4:22.0.0:22:5
MERGED from com.google.android.gms:play-services-wearable:7.0.0:19:5
MERGED from com.google.android.gms:play-services-base:7.0.0:20:5
MERGED from com.android.support:support-v4:22.0.0:22:5
MERGED from com.android.support:support-v4:22.0.0:22:5
MERGED from com.android.support:cardview-v7:22.0.0:22:5
MERGED from com.astuetz:pagerslidingtabstrip:1.0.1:4:5
MERGED from com.android.support:support-v4:22.0.0:22:5
MERGED from com.android.support:support-v4:22.0.0:22:5
MERGED from com.android.support:appcompat-v7:22.0.0:22:5
MERGED from com.android.support:support-v4:22.0.0:22:5
MERGED from com.android.support:support-v4:22.0.0:22:5
MERGED from com.android.support:gridlayout-v7:21.0.3:16:5
MERGED from com.android.support:support-v4:22.0.0:22:5
	android:label
		ADDED from AndroidManifest.xml:84:9
	android:allowBackup
		ADDED from AndroidManifest.xml:82:9
	android:icon
		ADDED from AndroidManifest.xml:83:9
	android:logo
		ADDED from AndroidManifest.xml:85:9
activity#com.google.zxing.client.android.CaptureActivity
ADDED from AndroidManifest.xml:86:9
	android:clearTaskOnLaunch
		ADDED from AndroidManifest.xml:88:13
	android:screenOrientation
		ADDED from AndroidManifest.xml:89:13
	android:stateNotNeeded
		ADDED from AndroidManifest.xml:90:13
	android:windowSoftInputMode
		ADDED from AndroidManifest.xml:92:13
	android:theme
		ADDED from AndroidManifest.xml:91:13
	android:name
		ADDED from AndroidManifest.xml:87:13
intent-filter#android.intent.category.DEFAULT+com.google.zxing.client.android.SCAN
ADDED from AndroidManifest.xml:93:13
action#com.google.zxing.client.android.SCAN
ADDED from AndroidManifest.xml:94:17
	android:name
		ADDED from AndroidManifest.xml:94:25
category#android.intent.category.DEFAULT
ADDED from AndroidManifest.xml:96:17
	android:name
		ADDED from AndroidManifest.xml:96:27
intent-filter#android.intent.action.VIEW+android.intent.category.BROWSABLE+android.intent.category.DEFAULT
ADDED from AndroidManifest.xml:99:13
action#android.intent.action.VIEW
ADDED from AndroidManifest.xml:100:17
	android:name
		ADDED from AndroidManifest.xml:100:25
category#android.intent.category.BROWSABLE
ADDED from AndroidManifest.xml:103:17
	android:name
		ADDED from AndroidManifest.xml:103:27
data
ADDED from AndroidManifest.xml:105:17
	android:path
		ADDED from AndroidManifest.xml:107:21
	android:host
		ADDED from AndroidManifest.xml:106:21
	android:scheme
		ADDED from AndroidManifest.xml:108:21
activity#com.google.zxing.client.android.PreferencesActivity
ADDED from AndroidManifest.xml:147:9
	android:label
		ADDED from AndroidManifest.xml:149:13
	android:stateNotNeeded
		ADDED from AndroidManifest.xml:150:13
	android:name
		ADDED from AndroidManifest.xml:148:13
activity#com.google.zxing.client.android.encode.EncodeActivity
ADDED from AndroidManifest.xml:151:9
	android:stateNotNeeded
		ADDED from AndroidManifest.xml:153:13
	android:name
		ADDED from AndroidManifest.xml:152:13
intent-filter#android.intent.category.DEFAULT+com.google.zxing.client.android.ENCODE
ADDED from AndroidManifest.xml:154:13
action#com.google.zxing.client.android.ENCODE
ADDED from AndroidManifest.xml:155:17
	android:name
		ADDED from AndroidManifest.xml:155:25
intent-filter#android.intent.action.SEND+android.intent.category.DEFAULT
ADDED from AndroidManifest.xml:160:13
action#android.intent.action.SEND
ADDED from AndroidManifest.xml:161:17
	android:name
		ADDED from AndroidManifest.xml:161:25
activity#com.google.zxing.client.android.book.SearchBookContentsActivity
ADDED from AndroidManifest.xml:176:9
	android:screenOrientation
		ADDED from AndroidManifest.xml:179:13
	android:label
		ADDED from AndroidManifest.xml:178:13
	android:stateNotNeeded
		ADDED from AndroidManifest.xml:180:13
	android:name
		ADDED from AndroidManifest.xml:177:13
intent-filter#android.intent.category.DEFAULT+com.google.zxing.client.android.SEARCH_BOOK_CONTENTS
ADDED from AndroidManifest.xml:181:13
action#com.google.zxing.client.android.SEARCH_BOOK_CONTENTS
ADDED from AndroidManifest.xml:182:17
	android:name
		ADDED from AndroidManifest.xml:182:25
activity#com.google.zxing.client.android.share.ShareActivity
ADDED from AndroidManifest.xml:187:9
	android:screenOrientation
		ADDED from AndroidManifest.xml:189:13
	android:stateNotNeeded
		ADDED from AndroidManifest.xml:190:13
	android:name
		ADDED from AndroidManifest.xml:188:13
intent-filter#android.intent.category.DEFAULT+com.google.zxing.client.android.SHARE
ADDED from AndroidManifest.xml:191:13
action#com.google.zxing.client.android.SHARE
ADDED from AndroidManifest.xml:192:17
	android:name
		ADDED from AndroidManifest.xml:192:25
activity#com.google.zxing.client.android.history.HistoryActivity
ADDED from AndroidManifest.xml:197:9
	android:label
		ADDED from AndroidManifest.xml:199:13
	android:stateNotNeeded
		ADDED from AndroidManifest.xml:200:13
	android:name
		ADDED from AndroidManifest.xml:198:13
activity#com.google.zxing.client.android.share.BookmarkPickerActivity
ADDED from AndroidManifest.xml:201:9
	android:label
		ADDED from AndroidManifest.xml:203:13
	android:stateNotNeeded
		ADDED from AndroidManifest.xml:204:13
	android:name
		ADDED from AndroidManifest.xml:202:13
activity#com.google.zxing.client.android.share.AppPickerActivity
ADDED from AndroidManifest.xml:205:9
	android:label
		ADDED from AndroidManifest.xml:207:13
	android:stateNotNeeded
		ADDED from AndroidManifest.xml:208:13
	android:name
		ADDED from AndroidManifest.xml:206:13
activity#com.google.zxing.client.android.HelpActivity
ADDED from AndroidManifest.xml:209:9
	android:screenOrientation
		ADDED from AndroidManifest.xml:212:13
	android:label
		ADDED from AndroidManifest.xml:211:13
	android:stateNotNeeded
		ADDED from AndroidManifest.xml:213:13
	android:name
		ADDED from AndroidManifest.xml:210:13
meta-data#com.google.android.gms.version
ADDED from AndroidManifest.xml:215:9
MERGED from com.google.android.gms:play-services-base:7.0.0:21:9
MERGED from com.google.android.gms:play-services-base:7.0.0:21:9
MERGED from com.google.android.gms:play-services-base:7.0.0:21:9
MERGED from com.google.android.gms:play-services-base:7.0.0:21:9
MERGED from com.google.android.gms:play-services-base:7.0.0:21:9
MERGED from com.google.android.gms:play-services-base:7.0.0:21:9
MERGED from com.google.android.gms:play-services-base:7.0.0:21:9
MERGED from com.google.android.gms:play-services-base:7.0.0:21:9
MERGED from com.google.android.gms:play-services-base:7.0.0:21:9
MERGED from com.google.android.gms:play-services-base:7.0.0:21:9
MERGED from com.google.android.gms:play-services-base:7.0.0:21:9
MERGED from com.google.android.gms:play-services-base:7.0.0:21:9
MERGED from com.google.android.gms:play-services-base:7.0.0:21:9
MERGED from com.google.android.gms:play-services-base:7.0.0:21:9
MERGED from com.google.android.gms:play-services-base:7.0.0:21:9
MERGED from com.google.android.gms:play-services-base:7.0.0:21:9
MERGED from com.google.android.gms:play-services-base:7.0.0:21:9
MERGED from com.google.android.gms:play-services-base:7.0.0:21:9
MERGED from com.google.android.gms:play-services-base:7.0.0:21:9
MERGED from com.google.android.gms:play-services-base:7.0.0:21:9
MERGED from com.google.android.gms:play-services-base:7.0.0:21:9
MERGED from com.google.android.gms:play-services-base:7.0.0:21:9
MERGED from com.google.android.gms:play-services-base:7.0.0:21:9
MERGED from com.google.android.gms:play-services-base:7.0.0:21:9
MERGED from com.google.android.gms:play-services-base:7.0.0:21:9
MERGED from com.google.android.gms:play-services-base:7.0.0:21:9
	android:value
		ADDED from AndroidManifest.xml:217:13
	android:name
		ADDED from AndroidManifest.xml:216:13
activity#com.google.zxing.client.android.LoginActivity
ADDED from AndroidManifest.xml:219:9
	android:label
		ADDED from AndroidManifest.xml:221:13
	android:windowSoftInputMode
		ADDED from AndroidManifest.xml:222:13
	android:name
		ADDED from AndroidManifest.xml:220:13
intent-filter#android.intent.action.MAIN+android.intent.category.LAUNCHER
ADDED from AndroidManifest.xml:223:13
action#android.intent.action.MAIN
ADDED from AndroidManifest.xml:224:17
	android:name
		ADDED from AndroidManifest.xml:224:25
category#android.intent.category.LAUNCHER
ADDED from AndroidManifest.xml:226:17
	android:name
		ADDED from AndroidManifest.xml:226:27
activity#com.google.zxing.client.android.MainActivity
ADDED from AndroidManifest.xml:229:9
	android:label
		ADDED from AndroidManifest.xml:231:13
	android:name
		ADDED from AndroidManifest.xml:230:13